<?xml version="1.0" encoding="UTF-8"?>
<testng-results skipped="0" failed="0" ignored="0" total="2" passed="2">
  <reporter-output>
  </reporter-output>
  <suite name="Default suite" duration-ms="67371" started-at="2017-09-27T19:39:45Z" finished-at="2017-09-27T19:40:52Z">
    <groups>
    </groups>
    <test name="Default test" duration-ms="67371" started-at="2017-09-27T19:39:45Z" finished-at="2017-09-27T19:40:52Z">
      <class name="firefox2">
        <test-method status="PASS" signature="testfirefox()[pri:0, instance:firefox2@6cc4c815]" name="testfirefox" duration-ms="63777" started-at="2017-09-28T01:09:45Z" finished-at="2017-09-28T01:10:49Z">
          <reporter-output>
          </reporter-output>
        </test-method> <!-- testfirefox -->
        <test-method status="PASS" signature="testfirefox2()[pri:0, instance:firefox2@6cc4c815]" name="testfirefox2" duration-ms="3551" started-at="2017-09-28T01:10:49Z" finished-at="2017-09-28T01:10:52Z">
          <reporter-output>
          </reporter-output>
        </test-method> <!-- testfirefox2 -->
      </class> <!-- firefox2 -->
    </test> <!-- Default test -->
  </suite> <!-- Default suite -->
</testng-results>
